# JRE version: Java(TM) SE Runtime Environment (15.0.1+9) (build 15.0.1+9-18)
# Java VM: Java HotSpot(TM) 64-Bit Server VM (15.0.1+9-18, mixed mode, sharing, tiered, compressed oops, g1 gc, windows-amd64)
GC Precious Log:
 CPUs: 8 total, 8 available
 Memory: 8032M
 Large Page Support: Disabled
 NUMA Support: Disabled
 Compressed Oops: Enabled (Zero based)
 Heap Region Size: 2M
 Heap Min Capacity: 8M
 Heap Initial Capacity: 126M
 Heap Max Capacity: 2560M
 Pre-touch: Disabled
 Parallel Workers: 8
 Concurrent Workers: 2
 Concurrent Refinement Workers: 8
 Periodic GC: Disabled
Heap:
 garbage-first heap   total 100352K, used 62800K [0x0000000760000000, 0x0000000800000000)
  region size 2048K, 7 young (14336K), 2 survivors (4096K)
 Metaspace       used 57226K, capacity 58409K, committed 58524K, reserved 1099776K
  class space    used 7504K, capacity 7835K, committed 7936K, reserved 1048576K
GC Heap History (20 events):
Event: 28.022 GC heap before
{Heap before GC invocations=10 (full 0):
 garbage-first heap   total 75776K, used 53944K [0x0000000760000000, 0x0000000800000000)
  region size 2048K, 10 young (20480K), 2 survivors (4096K)
 Metaspace       used 39036K, capacity 39860K, committed 40092K, reserved 1083392K
  class space    used 5113K, capacity 5349K, committed 5376K, reserved 1048576K
}
Event: 28.024 GC heap after
{Heap after GC invocations=11 (full 0):
 garbage-first heap   total 75776K, used 38950K [0x0000000760000000, 0x0000000800000000)
  region size 2048K, 1 young (2048K), 1 survivors (2048K)
 Metaspace       used 39036K, capacity 39860K, committed 40092K, reserved 1083392K
  class space    used 5113K, capacity 5349K, committed 5376K, reserved 1048576K
}
Event: 28.346 GC heap before
{Heap before GC invocations=11 (full 0):
 garbage-first heap   total 75776K, used 53286K [0x0000000760000000, 0x0000000800000000)
  region size 2048K, 9 young (18432K), 1 survivors (2048K)
 Metaspace       used 41875K, capacity 42733K, committed 43036K, reserved 1087488K
  class space    used 5447K, capacity 5663K, committed 5760K, reserved 1048576K
}
Event: 28.348 GC heap after
{Heap after GC invocations=12 (full 0):
 garbage-first heap   total 75776K, used 39460K [0x0000000760000000, 0x0000000800000000)
  region size 2048K, 1 young (2048K), 1 survivors (2048K)
 Metaspace       used 41875K, capacity 42733K, committed 43036K, reserved 1087488K
  class space    used 5447K, capacity 5663K, committed 5760K, reserved 1048576K
}
Event: 28.682 GC heap before
{Heap before GC invocations=13 (full 0):
 garbage-first heap   total 75776K, used 57892K [0x0000000760000000, 0x0000000800000000)
  region size 2048K, 10 young (20480K), 1 survivors (2048K)
 Metaspace       used 43843K, capacity 44782K, committed 44828K, reserved 1087488K
  class space    used 5691K, capacity 5983K, committed 6016K, reserved 1048576K
}
Event: 28.685 GC heap after
{Heap after GC invocations=14 (full 0):
 garbage-first heap   total 75776K, used 41784K [0x0000000760000000, 0x0000000800000000)
  region size 2048K, 2 young (4096K), 2 survivors (4096K)
 Metaspace       used 43843K, capacity 44782K, committed 44828K, reserved 1087488K
  class space    used 5691K, capacity 5983K, committed 6016K, reserved 1048576K
}
Event: 28.926 GC heap before
{Heap before GC invocations=14 (full 0):
 garbage-first heap   total 75776K, used 56120K [0x0000000760000000, 0x0000000800000000)
  region size 2048K, 10 young (20480K), 2 survivors (4096K)
 Metaspace       used 45616K, capacity 46454K, committed 46620K, reserved 1089536K
  class space    used 5892K, capacity 6150K, committed 6272K, reserved 1048576K
}
Event: 28.930 GC heap after
{Heap after GC invocations=15 (full 0):
 garbage-first heap   total 75776K, used 43541K [0x0000000760000000, 0x0000000800000000)
  region size 2048K, 1 young (2048K), 1 survivors (2048K)
 Metaspace       used 45616K, capacity 46454K, committed 46620K, reserved 1089536K
  class space    used 5892K, capacity 6150K, committed 6272K, reserved 1048576K
}
Event: 29.215 GC heap before
{Heap before GC invocations=16 (full 0):
 garbage-first heap   total 79872K, used 57877K [0x0000000760000000, 0x0000000800000000)
  region size 2048K, 8 young (16384K), 1 survivors (2048K)
 Metaspace       used 46731K, capacity 47736K, committed 48028K, reserved 1091584K
  class space    used 6034K, capacity 6320K, committed 6400K, reserved 1048576K
}
Event: 29.217 GC heap after
{Heap after GC invocations=17 (full 0):
 garbage-first heap   total 79872K, used 44813K [0x0000000760000000, 0x0000000800000000)
  region size 2048K, 1 young (2048K), 1 survivors (2048K)
 Metaspace       used 46731K, capacity 47736K, committed 48028K, reserved 1091584K
  class space    used 6034K, capacity 6320K, committed 6400K, reserved 1048576K
}
Event: 29.666 GC heap before
{Heap before GC invocations=17 (full 0):
 garbage-first heap   total 79872K, used 61197K [0x0000000760000000, 0x0000000800000000)
  region size 2048K, 10 young (20480K), 1 survivors (2048K)
 Metaspace       used 50507K, capacity 51571K, committed 51868K, reserved 1093632K
  class space    used 6543K, capacity 6824K, committed 6912K, reserved 1048576K
}
Event: 29.671 GC heap after
{Heap after GC invocations=18 (full 0):
 garbage-first heap   total 79872K, used 46019K [0x0000000760000000, 0x0000000800000000)
  region size 2048K, 2 young (4096K), 2 survivors (4096K)
 Metaspace       used 50507K, capacity 51571K, committed 51868K, reserved 1093632K
  class space    used 6543K, capacity 6824K, committed 6912K, reserved 1048576K
}
Event: 30.103 GC heap before
{Heap before GC invocations=19 (full 0):
 garbage-first heap   total 81920K, used 64451K [0x0000000760000000, 0x0000000800000000)
  region size 2048K, 11 young (22528K), 2 survivors (4096K)
 Metaspace       used 53225K, capacity 54237K, committed 54300K, reserved 1095680K
  class space    used 6961K, capacity 7242K, committed 7296K, reserved 1048576K
}
Event: 30.106 GC heap after
{Heap after GC invocations=20 (full 0):
 garbage-first heap   total 81920K, used 47147K [0x0000000760000000, 0x0000000800000000)
  region size 2048K, 2 young (4096K), 2 survivors (4096K)
 Metaspace       used 53225K, capacity 54237K, committed 54300K, reserved 1095680K
  class space    used 6961K, capacity 7242K, committed 7296K, reserved 1048576K
}
Event: 30.402 GC heap before
{Heap before GC invocations=20 (full 0):
 garbage-first heap   total 81920K, used 65579K [0x0000000760000000, 0x0000000800000000)
  region size 2048K, 11 young (22528K), 2 survivors (4096K)
 Metaspace       used 54446K, capacity 55492K, committed 55708K, reserved 1097728K
  class space    used 7129K, capacity 7393K, committed 7424K, reserved 1048576K
}
Event: 30.406 GC heap after
{Heap after GC invocations=21 (full 0):
 garbage-first heap   total 81920K, used 49169K [0x0000000760000000, 0x0000000800000000)
  region size 2048K, 2 young (4096K), 2 survivors (4096K)
 Metaspace       used 54446K, capacity 55492K, committed 55708K, reserved 1097728K
  class space    used 7129K, capacity 7393K, committed 7424K, reserved 1048576K
}
Event: 30.623 GC heap before
{Heap before GC invocations=22 (full 0):
 garbage-first heap   total 96256K, used 65553K [0x0000000760000000, 0x0000000800000000)
  region size 2048K, 10 young (20480K), 2 survivors (4096K)
 Metaspace       used 55353K, capacity 56374K, committed 56604K, reserved 1097728K
  class space    used 7225K, capacity 7498K, committed 7552K, reserved 1048576K
}
Event: 30.628 GC heap after
{Heap after GC invocations=23 (full 0):
 garbage-first heap   total 96256K, used 51305K [0x0000000760000000, 0x0000000800000000)
  region size 2048K, 2 young (4096K), 2 survivors (4096K)
 Metaspace       used 55353K, capacity 56374K, committed 56604K, reserved 1097728K
  class space    used 7225K, capacity 7498K, committed 7552K, reserved 1048576K
}
Event: 55.668 GC heap before
{Heap before GC invocations=23 (full 0):
 garbage-first heap   total 96256K, used 75881K [0x0000000760000000, 0x0000000800000000)
  region size 2048K, 14 young (28672K), 2 survivors (4096K)
 Metaspace       used 56949K, capacity 58087K, committed 58140K, reserved 1099776K
  class space    used 7458K, capacity 7790K, committed 7808K, reserved 1048576K
}
Event: 55.674 GC heap after
{Heap after GC invocations=24 (full 0):
 garbage-first heap   total 96256K, used 54608K [0x0000000760000000, 0x0000000800000000)
  region size 2048K, 2 young (4096K), 2 survivors (4096K)
 Metaspace       used 56949K, capacity 58087K, committed 58140K, reserved 1099776K
  class space    used 7458K, capacity 7790K, committed 7808K, reserved 1048576K
}

